<?xml version="1.0" encoding="UTF-8"?>
<testsuite xmlns:xsi="http://www.w3.org/2001/XMLSchema-instance" xsi:noNamespaceSchemaLocation="https://maven.apache.org/surefire/maven-surefire-plugin/xsd/surefire-test-report.xsd" name="squadron.manager.turbine.SiteQueryTest" time="1.176" tests="1" errors="0" skipped="0" failures="0">
  <properties>
    <property name="java.specification.version" value="14"/>
    <property name="sun.jnu.encoding" value="UTF-8"/>
    <property name="java.class.path" value="/Users/chairforce/workspacetwo/Turbine-2/target/test-classes:/Users/chairforce/workspacetwo/Turbine-2/target/classes:/Users/chairforce/.m2/repository/org/springframework/boot/spring-boot-starter-data-jpa/2.3.4.RELEASE/spring-boot-starter-data-jpa-2.3.4.RELEASE.jar:/Users/chairforce/.m2/repository/org/springframework/boot/spring-boot-starter-aop/2.3.4.RELEASE/spring-boot-starter-aop-2.3.4.RELEASE.jar:/Users/chairforce/.m2/repository/org/springframework/spring-aop/5.2.9.RELEASE/spring-aop-5.2.9.RELEASE.jar:/Users/chairforce/.m2/repository/org/aspectj/aspectjweaver/1.9.6/aspectjweaver-1.9.6.jar:/Users/chairforce/.m2/repository/org/springframework/boot/spring-boot-starter-jdbc/2.3.4.RELEASE/spring-boot-starter-jdbc-2.3.4.RELEASE.jar:/Users/chairforce/.m2/repository/com/zaxxer/HikariCP/3.4.5/HikariCP-3.4.5.jar:/Users/chairforce/.m2/repository/org/springframework/spring-jdbc/5.2.9.RELEASE/spring-jdbc-5.2.9.RELEASE.jar:/Users/chairforce/.m2/repository/jakarta/transaction/jakarta.transaction-api/1.3.3/jakarta.transaction-api-1.3.3.jar:/Users/chairforce/.m2/repository/jakarta/persistence/jakarta.persistence-api/2.2.3/jakarta.persistence-api-2.2.3.jar:/Users/chairforce/.m2/repository/org/hibernate/hibernate-core/5.4.21.Final/hibernate-core-5.4.21.Final.jar:/Users/chairforce/.m2/repository/org/jboss/logging/jboss-logging/3.4.1.Final/jboss-logging-3.4.1.Final.jar:/Users/chairforce/.m2/repository/org/javassist/javassist/3.24.0-GA/javassist-3.24.0-GA.jar:/Users/chairforce/.m2/repository/net/bytebuddy/byte-buddy/1.10.14/byte-buddy-1.10.14.jar:/Users/chairforce/.m2/repository/antlr/antlr/2.7.7/antlr-2.7.7.jar:/Users/chairforce/.m2/repository/org/jboss/jandex/2.1.3.Final/jandex-2.1.3.Final.jar:/Users/chairforce/.m2/repository/org/dom4j/dom4j/2.1.3/dom4j-2.1.3.jar:/Users/chairforce/.m2/repository/org/hibernate/common/hibernate-commons-annotations/5.1.0.Final/hibernate-commons-annotations-5.1.0.Final.jar:/Users/chairforce/.m2/repository/org/glassfish/jaxb/jaxb-runtime/2.3.3/jaxb-runtime-2.3.3.jar:/Users/chairforce/.m2/repository/org/glassfish/jaxb/txw2/2.3.3/txw2-2.3.3.jar:/Users/chairforce/.m2/repository/com/sun/istack/istack-commons-runtime/3.0.11/istack-commons-runtime-3.0.11.jar:/Users/chairforce/.m2/repository/com/sun/activation/jakarta.activation/1.2.2/jakarta.activation-1.2.2.jar:/Users/chairforce/.m2/repository/org/springframework/data/spring-data-jpa/2.3.4.RELEASE/spring-data-jpa-2.3.4.RELEASE.jar:/Users/chairforce/.m2/repository/org/springframework/data/spring-data-commons/2.3.4.RELEASE/spring-data-commons-2.3.4.RELEASE.jar:/Users/chairforce/.m2/repository/org/springframework/spring-orm/5.2.9.RELEASE/spring-orm-5.2.9.RELEASE.jar:/Users/chairforce/.m2/repository/org/springframework/spring-context/5.2.9.RELEASE/spring-context-5.2.9.RELEASE.jar:/Users/chairforce/.m2/repository/org/springframework/spring-tx/5.2.9.RELEASE/spring-tx-5.2.9.RELEASE.jar:/Users/chairforce/.m2/repository/org/springframework/spring-beans/5.2.9.RELEASE/spring-beans-5.2.9.RELEASE.jar:/Users/chairforce/.m2/repository/org/springframework/spring-aspects/5.2.9.RELEASE/spring-aspects-5.2.9.RELEASE.jar:/Users/chairforce/.m2/repository/org/flywaydb/flyway-core/6.4.4/flyway-core-6.4.4.jar:/Users/chairforce/.m2/repository/mysql/mysql-connector-java/8.0.21/mysql-connector-java-8.0.21.jar:/Users/chairforce/.m2/repository/com/h2database/h2/1.4.200/h2-1.4.200.jar:/Users/chairforce/.m2/repository/joda-time/joda-time/2.10.6/joda-time-2.10.6.jar:/Users/chairforce/.m2/repository/org/projectlombok/lombok/1.18.12/lombok-1.18.12.jar:/Users/chairforce/.m2/repository/io/rest-assured/rest-assured/3.0.0/rest-assured-3.0.0.jar:/Users/chairforce/.m2/repository/org/codehaus/groovy/groovy/2.5.13/groovy-2.5.13.jar:/Users/chairforce/.m2/repository/org/codehaus/groovy/groovy-xml/2.5.13/groovy-xml-2.5.13.jar:/Users/chairforce/.m2/repository/org/apache/httpcomponents/httpclient/4.5.12/httpclient-4.5.12.jar:/Users/chairforce/.m2/repository/org/apache/httpcomponents/httpcore/4.4.13/httpcore-4.4.13.jar:/Users/chairforce/.m2/repository/commons-codec/commons-codec/1.14/commons-codec-1.14.jar:/Users/chairforce/.m2/repository/org/apache/httpcomponents/httpmime/4.5.12/httpmime-4.5.12.jar:/Users/chairforce/.m2/repository/org/hamcrest/hamcrest-core/2.2/hamcrest-core-2.2.jar:/Users/chairforce/.m2/repository/org/hamcrest/hamcrest-library/2.2/hamcrest-library-2.2.jar:/Users/chairforce/.m2/repository/org/ccil/cowan/tagsoup/tagsoup/1.2.1/tagsoup-1.2.1.jar:/Users/chairforce/.m2/repository/io/rest-assured/json-path/3.3.0/json-path-3.3.0.jar:/Users/chairforce/.m2/repository/org/codehaus/groovy/groovy-json/2.5.13/groovy-json-2.5.13.jar:/Users/chairforce/.m2/repository/io/rest-assured/rest-assured-common/3.3.0/rest-assured-common-3.3.0.jar:/Users/chairforce/.m2/repository/io/rest-assured/xml-path/3.3.0/xml-path-3.3.0.jar:/Users/chairforce/.m2/repository/javax/xml/bind/jaxb-api/2.3.1/jaxb-api-2.3.1.jar:/Users/chairforce/.m2/repository/javax/activation/javax.activation-api/1.2.0/javax.activation-api-1.2.0.jar:/Users/chairforce/.m2/repository/com/sun/xml/bind/jaxb-osgi/2.2.10/jaxb-osgi-2.2.10.jar:/Users/chairforce/.m2/repository/org/apache/sling/org.apache.sling.javax.activation/0.1.0/org.apache.sling.javax.activation-0.1.0.jar:/Users/chairforce/.m2/repository/javax/activation/activation/1.1.1/activation-1.1.1.jar:/Users/chairforce/.m2/repository/io/github/json-snapshot/json-snapshot/1.0.17/json-snapshot-1.0.17.jar:/Users/chairforce/.m2/repository/com/fasterxml/jackson/core/jackson-core/2.11.2/jackson-core-2.11.2.jar:/Users/chairforce/.m2/repository/com/fasterxml/jackson/core/jackson-databind/2.11.2/jackson-databind-2.11.2.jar:/Users/chairforce/.m2/repository/com/fasterxml/jackson/core/jackson-annotations/2.11.2/jackson-annotations-2.11.2.jar:/Users/chairforce/.m2/repository/org/apache/commons/commons-lang3/3.10/commons-lang3-3.10.jar:/Users/chairforce/.m2/repository/org/junit/jupiter/junit-jupiter-api/5.6.2/junit-jupiter-api-5.6.2.jar:/Users/chairforce/.m2/repository/org/apiguardian/apiguardian-api/1.1.0/apiguardian-api-1.1.0.jar:/Users/chairforce/.m2/repository/org/opentest4j/opentest4j/1.2.0/opentest4j-1.2.0.jar:/Users/chairforce/.m2/repository/org/junit/platform/junit-platform-commons/1.6.2/junit-platform-commons-1.6.2.jar:/Users/chairforce/.m2/repository/org/junit/jupiter/junit-jupiter-engine/5.6.2/junit-jupiter-engine-5.6.2.jar:/Users/chairforce/.m2/repository/org/junit/platform/junit-platform-engine/1.6.2/junit-platform-engine-1.6.2.jar:/Users/chairforce/.m2/repository/org/mockito/mockito-junit-jupiter/3.3.3/mockito-junit-jupiter-3.3.3.jar:/Users/chairforce/.m2/repository/org/assertj/assertj-core/3.16.1/assertj-core-3.16.1.jar:/Users/chairforce/.m2/repository/org/mockito/mockito-core/3.3.3/mockito-core-3.3.3.jar:/Users/chairforce/.m2/repository/net/bytebuddy/byte-buddy-agent/1.10.14/byte-buddy-agent-1.10.14.jar:/Users/chairforce/.m2/repository/org/objenesis/objenesis/2.6/objenesis-2.6.jar:/Users/chairforce/.m2/repository/org/junit/platform/junit-platform-runner/1.6.2/junit-platform-runner-1.6.2.jar:/Users/chairforce/.m2/repository/junit/junit/4.13/junit-4.13.jar:/Users/chairforce/.m2/repository/org/junit/platform/junit-platform-launcher/1.6.2/junit-platform-launcher-1.6.2.jar:/Users/chairforce/.m2/repository/org/junit/platform/junit-platform-suite-api/1.6.2/junit-platform-suite-api-1.6.2.jar:/Users/chairforce/.m2/repository/org/junit/vintage/junit-vintage-engine/5.6.2/junit-vintage-engine-5.6.2.jar:/Users/chairforce/.m2/repository/org/slf4j/slf4j-api/1.7.30/slf4j-api-1.7.30.jar:/Users/chairforce/.m2/repository/org/springframework/boot/spring-boot-starter-web/2.3.4.RELEASE/spring-boot-starter-web-2.3.4.RELEASE.jar:/Users/chairforce/.m2/repository/org/springframework/boot/spring-boot-starter/2.3.4.RELEASE/spring-boot-starter-2.3.4.RELEASE.jar:/Users/chairforce/.m2/repository/org/springframework/boot/spring-boot/2.3.4.RELEASE/spring-boot-2.3.4.RELEASE.jar:/Users/chairforce/.m2/repository/org/springframework/boot/spring-boot-autoconfigure/2.3.4.RELEASE/spring-boot-autoconfigure-2.3.4.RELEASE.jar:/Users/chairforce/.m2/repository/org/springframework/boot/spring-boot-starter-logging/2.3.4.RELEASE/spring-boot-starter-logging-2.3.4.RELEASE.jar:/Users/chairforce/.m2/repository/ch/qos/logback/logback-classic/1.2.3/logback-classic-1.2.3.jar:/Users/chairforce/.m2/repository/ch/qos/logback/logback-core/1.2.3/logback-core-1.2.3.jar:/Users/chairforce/.m2/repository/org/apache/logging/log4j/log4j-to-slf4j/2.13.3/log4j-to-slf4j-2.13.3.jar:/Users/chairforce/.m2/repository/org/apache/logging/log4j/log4j-api/2.13.3/log4j-api-2.13.3.jar:/Users/chairforce/.m2/repository/org/slf4j/jul-to-slf4j/1.7.30/jul-to-slf4j-1.7.30.jar:/Users/chairforce/.m2/repository/jakarta/annotation/jakarta.annotation-api/1.3.5/jakarta.annotation-api-1.3.5.jar:/Users/chairforce/.m2/repository/org/yaml/snakeyaml/1.26/snakeyaml-1.26.jar:/Users/chairforce/.m2/repository/org/springframework/boot/spring-boot-starter-json/2.3.4.RELEASE/spring-boot-starter-json-2.3.4.RELEASE.jar:/Users/chairforce/.m2/repository/com/fasterxml/jackson/datatype/jackson-datatype-jsr310/2.11.2/jackson-datatype-jsr310-2.11.2.jar:/Users/chairforce/.m2/repository/com/fasterxml/jackson/module/jackson-module-parameter-names/2.11.2/jackson-module-parameter-names-2.11.2.jar:/Users/chairforce/.m2/repository/org/springframework/boot/spring-boot-starter-tomcat/2.3.4.RELEASE/spring-boot-starter-tomcat-2.3.4.RELEASE.jar:/Users/chairforce/.m2/repository/org/apache/tomcat/embed/tomcat-embed-core/9.0.38/tomcat-embed-core-9.0.38.jar:/Users/chairforce/.m2/repository/org/glassfish/jakarta.el/3.0.3/jakarta.el-3.0.3.jar:/Users/chairforce/.m2/repository/org/apache/tomcat/embed/tomcat-embed-websocket/9.0.38/tomcat-embed-websocket-9.0.38.jar:/Users/chairforce/.m2/repository/org/springframework/spring-web/5.2.9.RELEASE/spring-web-5.2.9.RELEASE.jar:/Users/chairforce/.m2/repository/org/springframework/spring-webmvc/5.2.9.RELEASE/spring-webmvc-5.2.9.RELEASE.jar:/Users/chairforce/.m2/repository/org/springframework/spring-expression/5.2.9.RELEASE/spring-expression-5.2.9.RELEASE.jar:/Users/chairforce/.m2/repository/com/github/eirslett/frontend-maven-plugin/1.10.0/frontend-maven-plugin-1.10.0.jar:/Users/chairforce/.m2/repository/com/github/eirslett/frontend-plugin-core/1.10.0/frontend-plugin-core-1.10.0.jar:/Users/chairforce/.m2/repository/org/codehaus/jackson/jackson-mapper-asl/1.9.13/jackson-mapper-asl-1.9.13.jar:/Users/chairforce/.m2/repository/org/codehaus/jackson/jackson-core-asl/1.9.13/jackson-core-asl-1.9.13.jar:/Users/chairforce/.m2/repository/org/apache/commons/commons-compress/1.19/commons-compress-1.19.jar:/Users/chairforce/.m2/repository/commons-io/commons-io/1.3.2/commons-io-1.3.2.jar:/Users/chairforce/.m2/repository/org/apache/commons/commons-exec/1.3/commons-exec-1.3.jar:/Users/chairforce/.m2/repository/org/codehaus/plexus/plexus-utils/3.0.22/plexus-utils-3.0.22.jar:/Users/chairforce/.m2/repository/org/apache/maven/maven-plugin-api/3.5.0/maven-plugin-api-3.5.0.jar:/Users/chairforce/.m2/repository/org/apache/maven/maven-model/3.5.0/maven-model-3.5.0.jar:/Users/chairforce/.m2/repository/org/apache/maven/maven-artifact/3.5.0/maven-artifact-3.5.0.jar:/Users/chairforce/.m2/repository/org/eclipse/sisu/org.eclipse.sisu.plexus/0.3.3/org.eclipse.sisu.plexus-0.3.3.jar:/Users/chairforce/.m2/repository/javax/enterprise/cdi-api/1.0/cdi-api-1.0.jar:/Users/chairforce/.m2/repository/javax/annotation/jsr250-api/1.0/jsr250-api-1.0.jar:/Users/chairforce/.m2/repository/javax/inject/javax.inject/1/javax.inject-1.jar:/Users/chairforce/.m2/repository/org/eclipse/sisu/org.eclipse.sisu.inject/0.3.3/org.eclipse.sisu.inject-0.3.3.jar:/Users/chairforce/.m2/repository/org/codehaus/plexus/plexus-component-annotations/1.5.5/plexus-component-annotations-1.5.5.jar:/Users/chairforce/.m2/repository/org/codehaus/plexus/plexus-classworlds/2.5.2/plexus-classworlds-2.5.2.jar:/Users/chairforce/.m2/repository/org/apache/maven/plugin-tools/maven-plugin-annotations/3.2/maven-plugin-annotations-3.2.jar:/Users/chairforce/.m2/repository/org/sonatype/plexus/plexus-build-api/0.0.7/plexus-build-api-0.0.7.jar:/Users/chairforce/.m2/repository/org/springframework/boot/spring-boot-starter-test/2.3.4.RELEASE/spring-boot-starter-test-2.3.4.RELEASE.jar:/Users/chairforce/.m2/repository/org/springframework/boot/spring-boot-test/2.3.4.RELEASE/spring-boot-test-2.3.4.RELEASE.jar:/Users/chairforce/.m2/repository/org/springframework/boot/spring-boot-test-autoconfigure/2.3.4.RELEASE/spring-boot-test-autoconfigure-2.3.4.RELEASE.jar:/Users/chairforce/.m2/repository/com/jayway/jsonpath/json-path/2.4.0/json-path-2.4.0.jar:/Users/chairforce/.m2/repository/net/minidev/json-smart/2.3/json-smart-2.3.jar:/Users/chairforce/.m2/repository/net/minidev/accessors-smart/1.2/accessors-smart-1.2.jar:/Users/chairforce/.m2/repository/org/ow2/asm/asm/5.0.4/asm-5.0.4.jar:/Users/chairforce/.m2/repository/jakarta/xml/bind/jakarta.xml.bind-api/2.3.3/jakarta.xml.bind-api-2.3.3.jar:/Users/chairforce/.m2/repository/jakarta/activation/jakarta.activation-api/1.2.2/jakarta.activation-api-1.2.2.jar:/Users/chairforce/.m2/repository/org/hamcrest/hamcrest/2.2/hamcrest-2.2.jar:/Users/chairforce/.m2/repository/org/junit/jupiter/junit-jupiter/5.6.2/junit-jupiter-5.6.2.jar:/Users/chairforce/.m2/repository/org/junit/jupiter/junit-jupiter-params/5.6.2/junit-jupiter-params-5.6.2.jar:/Users/chairforce/.m2/repository/org/skyscreamer/jsonassert/1.5.0/jsonassert-1.5.0.jar:/Users/chairforce/.m2/repository/com/vaadin/external/google/android-json/0.0.20131108.vaadin1/android-json-0.0.20131108.vaadin1.jar:/Users/chairforce/.m2/repository/org/springframework/spring-core/5.2.9.RELEASE/spring-core-5.2.9.RELEASE.jar:/Users/chairforce/.m2/repository/org/springframework/spring-jcl/5.2.9.RELEASE/spring-jcl-5.2.9.RELEASE.jar:/Users/chairforce/.m2/repository/org/springframework/spring-test/5.2.9.RELEASE/spring-test-5.2.9.RELEASE.jar:/Users/chairforce/.m2/repository/org/xmlunit/xmlunit-core/2.7.0/xmlunit-core-2.7.0.jar:/Users/chairforce/.m2/repository/com/graphql-java-kickstart/graphql-spring-boot-starter/7.1.0/graphql-spring-boot-starter-7.1.0.jar:/Users/chairforce/.m2/repository/com/graphql-java-kickstart/graphql-spring-boot-autoconfigure/7.1.0/graphql-spring-boot-autoconfigure-7.1.0.jar:/Users/chairforce/.m2/repository/com/graphql-java-kickstart/graphql-kickstart-spring-boot-starter-tools/7.1.0/graphql-kickstart-spring-boot-starter-tools-7.1.0.jar:/Users/chairforce/.m2/repository/com/graphql-java-kickstart/graphql-kickstart-spring-boot-autoconfigure-tools/7.1.0/graphql-kickstart-spring-boot-autoconfigure-tools-7.1.0.jar:/Users/chairforce/.m2/repository/com/graphql-java-kickstart/graphql-kickstart-spring-support/7.1.0/graphql-kickstart-spring-support-7.1.0.jar:/Users/chairforce/.m2/repository/com/graphql-java-kickstart/graphql-java-kickstart/9.2.0/graphql-java-kickstart-9.2.0.jar:/Users/chairforce/.m2/repository/com/graphql-java-kickstart/graphql-java-servlet/9.2.0/graphql-java-servlet-9.2.0.jar:/Users/chairforce/.m2/repository/javax/servlet/javax.servlet-api/4.0.1/javax.servlet-api-4.0.1.jar:/Users/chairforce/.m2/repository/javax/websocket/javax.websocket-api/1.1/javax.websocket-api-1.1.jar:/Users/chairforce/.m2/repository/org/springframework/boot/spring-boot-starter-websocket/2.3.4.RELEASE/spring-boot-starter-websocket-2.3.4.RELEASE.jar:/Users/chairforce/.m2/repository/org/springframework/spring-messaging/5.2.9.RELEASE/spring-messaging-5.2.9.RELEASE.jar:/Users/chairforce/.m2/repository/org/springframework/spring-websocket/5.2.9.RELEASE/spring-websocket-5.2.9.RELEASE.jar:/Users/chairforce/.m2/repository/org/springframework/boot/spring-boot-starter-actuator/2.3.4.RELEASE/spring-boot-starter-actuator-2.3.4.RELEASE.jar:/Users/chairforce/.m2/repository/org/springframework/boot/spring-boot-actuator-autoconfigure/2.3.4.RELEASE/spring-boot-actuator-autoconfigure-2.3.4.RELEASE.jar:/Users/chairforce/.m2/repository/org/springframework/boot/spring-boot-actuator/2.3.4.RELEASE/spring-boot-actuator-2.3.4.RELEASE.jar:/Users/chairforce/.m2/repository/io/micrometer/micrometer-core/1.5.5/micrometer-core-1.5.5.jar:/Users/chairforce/.m2/repository/org/hdrhistogram/HdrHistogram/2.1.12/HdrHistogram-2.1.12.jar:/Users/chairforce/.m2/repository/org/latencyutils/LatencyUtils/2.0.3/LatencyUtils-2.0.3.jar:/Users/chairforce/.m2/repository/com/graphql-java-kickstart/graphql-java-tools/6.2.0/graphql-java-tools-6.2.0.jar:/Users/chairforce/.m2/repository/org/jetbrains/kotlin/kotlin-stdlib/1.3.72/kotlin-stdlib-1.3.72.jar:/Users/chairforce/.m2/repository/org/jetbrains/kotlin/kotlin-stdlib-common/1.3.72/kotlin-stdlib-common-1.3.72.jar:/Users/chairforce/.m2/repository/org/jetbrains/annotations/13.0/annotations-13.0.jar:/Users/chairforce/.m2/repository/org/jetbrains/kotlin/kotlin-reflect/1.3.72/kotlin-reflect-1.3.72.jar:/Users/chairforce/.m2/repository/org/jetbrains/kotlinx/kotlinx-coroutines-jdk8/1.3.8/kotlinx-coroutines-jdk8-1.3.8.jar:/Users/chairforce/.m2/repository/org/jetbrains/kotlinx/kotlinx-coroutines-core/1.3.8/kotlinx-coroutines-core-1.3.8.jar:/Users/chairforce/.m2/repository/org/jetbrains/kotlinx/kotlinx-coroutines-reactive/1.3.8/kotlinx-coroutines-reactive-1.3.8.jar:/Users/chairforce/.m2/repository/org/reactivestreams/reactive-streams/1.0.3/reactive-streams-1.0.3.jar:/Users/chairforce/.m2/repository/com/graphql-java/graphql-java/15.0/graphql-java-15.0.jar:/Users/chairforce/.m2/repository/org/antlr/antlr4-runtime/4.7.2/antlr4-runtime-4.7.2.jar:/Users/chairforce/.m2/repository/com/graphql-java/java-dataloader/2.2.3/java-dataloader-2.2.3.jar:/Users/chairforce/.m2/repository/com/fasterxml/classmate/1.5.1/classmate-1.5.1.jar:/Users/chairforce/.m2/repository/com/fasterxml/jackson/module/jackson-module-kotlin/2.11.2/jackson-module-kotlin-2.11.2.jar:/Users/chairforce/.m2/repository/com/fasterxml/jackson/datatype/jackson-datatype-jdk8/2.11.2/jackson-datatype-jdk8-2.11.2.jar:/Users/chairforce/.m2/repository/com/graphql-java-kickstart/graphiql-spring-boot-starter/7.1.0/graphiql-spring-boot-starter-7.1.0.jar:/Users/chairforce/.m2/repository/com/graphql-java-kickstart/graphiql-spring-boot-autoconfigure/7.1.0/graphiql-spring-boot-autoconfigure-7.1.0.jar:/Users/chairforce/.m2/repository/org/apache/commons/commons-text/1.8/commons-text-1.8.jar:/Users/chairforce/.m2/repository/com/graphql-java-kickstart/graphql-spring-boot-starter-test/7.1.0/graphql-spring-boot-starter-test-7.1.0.jar:/Users/chairforce/.m2/repository/com/graphql-java-kickstart/graphql-spring-boot-test-autoconfigure/7.1.0/graphql-spring-boot-test-autoconfigure-7.1.0.jar:/Users/chairforce/.m2/repository/com/graphql-java-kickstart/graphql-spring-boot-test/7.1.0/graphql-spring-boot-test-7.1.0.jar:"/>
    <property name="java.vm.vendor" value="Oracle Corporation"/>
    <property name="sun.arch.data.model" value="64"/>
    <property name="java.vendor.url" value="https://openjdk.java.net/"/>
    <property name="os.name" value="Mac OS X"/>
    <property name="java.vm.specification.version" value="14"/>
    <property name="sun.java.launcher" value="SUN_STANDARD"/>
    <property name="user.country" value="US"/>
    <property name="sun.boot.library.path" value="/usr/local/Cellar/openjdk/14.0.1/libexec/openjdk.jdk/Contents/Home/lib"/>
    <property name="sun.java.command" value="/Users/chairforce/workspacetwo/Turbine-2/target/surefire/surefirebooter9543796212832298396.jar /Users/chairforce/workspacetwo/Turbine-2/target/surefire 2020-11-06T22-33-58_851-jvmRun1 surefire4884805057893689575tmp surefire_08312648201178167358tmp"/>
    <property name="http.nonProxyHosts" value="local|*.local|169.254/16|*.169.254/16"/>
    <property name="jdk.debug" value="release"/>
    <property name="surefire.test.class.path" value="/Users/chairforce/workspacetwo/Turbine-2/target/test-classes:/Users/chairforce/workspacetwo/Turbine-2/target/classes:/Users/chairforce/.m2/repository/org/springframework/boot/spring-boot-starter-data-jpa/2.3.4.RELEASE/spring-boot-starter-data-jpa-2.3.4.RELEASE.jar:/Users/chairforce/.m2/repository/org/springframework/boot/spring-boot-starter-aop/2.3.4.RELEASE/spring-boot-starter-aop-2.3.4.RELEASE.jar:/Users/chairforce/.m2/repository/org/springframework/spring-aop/5.2.9.RELEASE/spring-aop-5.2.9.RELEASE.jar:/Users/chairforce/.m2/repository/org/aspectj/aspectjweaver/1.9.6/aspectjweaver-1.9.6.jar:/Users/chairforce/.m2/repository/org/springframework/boot/spring-boot-starter-jdbc/2.3.4.RELEASE/spring-boot-starter-jdbc-2.3.4.RELEASE.jar:/Users/chairforce/.m2/repository/com/zaxxer/HikariCP/3.4.5/HikariCP-3.4.5.jar:/Users/chairforce/.m2/repository/org/springframework/spring-jdbc/5.2.9.RELEASE/spring-jdbc-5.2.9.RELEASE.jar:/Users/chairforce/.m2/repository/jakarta/transaction/jakarta.transaction-api/1.3.3/jakarta.transaction-api-1.3.3.jar:/Users/chairforce/.m2/repository/jakarta/persistence/jakarta.persistence-api/2.2.3/jakarta.persistence-api-2.2.3.jar:/Users/chairforce/.m2/repository/org/hibernate/hibernate-core/5.4.21.Final/hibernate-core-5.4.21.Final.jar:/Users/chairforce/.m2/repository/org/jboss/logging/jboss-logging/3.4.1.Final/jboss-logging-3.4.1.Final.jar:/Users/chairforce/.m2/repository/org/javassist/javassist/3.24.0-GA/javassist-3.24.0-GA.jar:/Users/chairforce/.m2/repository/net/bytebuddy/byte-buddy/1.10.14/byte-buddy-1.10.14.jar:/Users/chairforce/.m2/repository/antlr/antlr/2.7.7/antlr-2.7.7.jar:/Users/chairforce/.m2/repository/org/jboss/jandex/2.1.3.Final/jandex-2.1.3.Final.jar:/Users/chairforce/.m2/repository/org/dom4j/dom4j/2.1.3/dom4j-2.1.3.jar:/Users/chairforce/.m2/repository/org/hibernate/common/hibernate-commons-annotations/5.1.0.Final/hibernate-commons-annotations-5.1.0.Final.jar:/Users/chairforce/.m2/repository/org/glassfish/jaxb/jaxb-runtime/2.3.3/jaxb-runtime-2.3.3.jar:/Users/chairforce/.m2/repository/org/glassfish/jaxb/txw2/2.3.3/txw2-2.3.3.jar:/Users/chairforce/.m2/repository/com/sun/istack/istack-commons-runtime/3.0.11/istack-commons-runtime-3.0.11.jar:/Users/chairforce/.m2/repository/com/sun/activation/jakarta.activation/1.2.2/jakarta.activation-1.2.2.jar:/Users/chairforce/.m2/repository/org/springframework/data/spring-data-jpa/2.3.4.RELEASE/spring-data-jpa-2.3.4.RELEASE.jar:/Users/chairforce/.m2/repository/org/springframework/data/spring-data-commons/2.3.4.RELEASE/spring-data-commons-2.3.4.RELEASE.jar:/Users/chairforce/.m2/repository/org/springframework/spring-orm/5.2.9.RELEASE/spring-orm-5.2.9.RELEASE.jar:/Users/chairforce/.m2/repository/org/springframework/spring-context/5.2.9.RELEASE/spring-context-5.2.9.RELEASE.jar:/Users/chairforce/.m2/repository/org/springframework/spring-tx/5.2.9.RELEASE/spring-tx-5.2.9.RELEASE.jar:/Users/chairforce/.m2/repository/org/springframework/spring-beans/5.2.9.RELEASE/spring-beans-5.2.9.RELEASE.jar:/Users/chairforce/.m2/repository/org/springframework/spring-aspects/5.2.9.RELEASE/spring-aspects-5.2.9.RELEASE.jar:/Users/chairforce/.m2/repository/org/flywaydb/flyway-core/6.4.4/flyway-core-6.4.4.jar:/Users/chairforce/.m2/repository/mysql/mysql-connector-java/8.0.21/mysql-connector-java-8.0.21.jar:/Users/chairforce/.m2/repository/com/h2database/h2/1.4.200/h2-1.4.200.jar:/Users/chairforce/.m2/repository/joda-time/joda-time/2.10.6/joda-time-2.10.6.jar:/Users/chairforce/.m2/repository/org/projectlombok/lombok/1.18.12/lombok-1.18.12.jar:/Users/chairforce/.m2/repository/io/rest-assured/rest-assured/3.0.0/rest-assured-3.0.0.jar:/Users/chairforce/.m2/repository/org/codehaus/groovy/groovy/2.5.13/groovy-2.5.13.jar:/Users/chairforce/.m2/repository/org/codehaus/groovy/groovy-xml/2.5.13/groovy-xml-2.5.13.jar:/Users/chairforce/.m2/repository/org/apache/httpcomponents/httpclient/4.5.12/httpclient-4.5.12.jar:/Users/chairforce/.m2/repository/org/apache/httpcomponents/httpcore/4.4.13/httpcore-4.4.13.jar:/Users/chairforce/.m2/repository/commons-codec/commons-codec/1.14/commons-codec-1.14.jar:/Users/chairforce/.m2/repository/org/apache/httpcomponents/httpmime/4.5.12/httpmime-4.5.12.jar:/Users/chairforce/.m2/repository/org/hamcrest/hamcrest-core/2.2/hamcrest-core-2.2.jar:/Users/chairforce/.m2/repository/org/hamcrest/hamcrest-library/2.2/hamcrest-library-2.2.jar:/Users/chairforce/.m2/repository/org/ccil/cowan/tagsoup/tagsoup/1.2.1/tagsoup-1.2.1.jar:/Users/chairforce/.m2/repository/io/rest-assured/json-path/3.3.0/json-path-3.3.0.jar:/Users/chairforce/.m2/repository/org/codehaus/groovy/groovy-json/2.5.13/groovy-json-2.5.13.jar:/Users/chairforce/.m2/repository/io/rest-assured/rest-assured-common/3.3.0/rest-assured-common-3.3.0.jar:/Users/chairforce/.m2/repository/io/rest-assured/xml-path/3.3.0/xml-path-3.3.0.jar:/Users/chairforce/.m2/repository/javax/xml/bind/jaxb-api/2.3.1/jaxb-api-2.3.1.jar:/Users/chairforce/.m2/repository/javax/activation/javax.activation-api/1.2.0/javax.activation-api-1.2.0.jar:/Users/chairforce/.m2/repository/com/sun/xml/bind/jaxb-osgi/2.2.10/jaxb-osgi-2.2.10.jar:/Users/chairforce/.m2/repository/org/apache/sling/org.apache.sling.javax.activation/0.1.0/org.apache.sling.javax.activation-0.1.0.jar:/Users/chairforce/.m2/repository/javax/activation/activation/1.1.1/activation-1.1.1.jar:/Users/chairforce/.m2/repository/io/github/json-snapshot/json-snapshot/1.0.17/json-snapshot-1.0.17.jar:/Users/chairforce/.m2/repository/com/fasterxml/jackson/core/jackson-core/2.11.2/jackson-core-2.11.2.jar:/Users/chairforce/.m2/repository/com/fasterxml/jackson/core/jackson-databind/2.11.2/jackson-databind-2.11.2.jar:/Users/chairforce/.m2/repository/com/fasterxml/jackson/core/jackson-annotations/2.11.2/jackson-annotations-2.11.2.jar:/Users/chairforce/.m2/repository/org/apache/commons/commons-lang3/3.10/commons-lang3-3.10.jar:/Users/chairforce/.m2/repository/org/junit/jupiter/junit-jupiter-api/5.6.2/junit-jupiter-api-5.6.2.jar:/Users/chairforce/.m2/repository/org/apiguardian/apiguardian-api/1.1.0/apiguardian-api-1.1.0.jar:/Users/chairforce/.m2/repository/org/opentest4j/opentest4j/1.2.0/opentest4j-1.2.0.jar:/Users/chairforce/.m2/repository/org/junit/platform/junit-platform-commons/1.6.2/junit-platform-commons-1.6.2.jar:/Users/chairforce/.m2/repository/org/junit/jupiter/junit-jupiter-engine/5.6.2/junit-jupiter-engine-5.6.2.jar:/Users/chairforce/.m2/repository/org/junit/platform/junit-platform-engine/1.6.2/junit-platform-engine-1.6.2.jar:/Users/chairforce/.m2/repository/org/mockito/mockito-junit-jupiter/3.3.3/mockito-junit-jupiter-3.3.3.jar:/Users/chairforce/.m2/repository/org/assertj/assertj-core/3.16.1/assertj-core-3.16.1.jar:/Users/chairforce/.m2/repository/org/mockito/mockito-core/3.3.3/mockito-core-3.3.3.jar:/Users/chairforce/.m2/repository/net/bytebuddy/byte-buddy-agent/1.10.14/byte-buddy-agent-1.10.14.jar:/Users/chairforce/.m2/repository/org/objenesis/objenesis/2.6/objenesis-2.6.jar:/Users/chairforce/.m2/repository/org/junit/platform/junit-platform-runner/1.6.2/junit-platform-runner-1.6.2.jar:/Users/chairforce/.m2/repository/junit/junit/4.13/junit-4.13.jar:/Users/chairforce/.m2/repository/org/junit/platform/junit-platform-launcher/1.6.2/junit-platform-launcher-1.6.2.jar:/Users/chairforce/.m2/repository/org/junit/platform/junit-platform-suite-api/1.6.2/junit-platform-suite-api-1.6.2.jar:/Users/chairforce/.m2/repository/org/junit/vintage/junit-vintage-engine/5.6.2/junit-vintage-engine-5.6.2.jar:/Users/chairforce/.m2/repository/org/slf4j/slf4j-api/1.7.30/slf4j-api-1.7.30.jar:/Users/chairforce/.m2/repository/org/springframework/boot/spring-boot-starter-web/2.3.4.RELEASE/spring-boot-starter-web-2.3.4.RELEASE.jar:/Users/chairforce/.m2/repository/org/springframework/boot/spring-boot-starter/2.3.4.RELEASE/spring-boot-starter-2.3.4.RELEASE.jar:/Users/chairforce/.m2/repository/org/springframework/boot/spring-boot/2.3.4.RELEASE/spring-boot-2.3.4.RELEASE.jar:/Users/chairforce/.m2/repository/org/springframework/boot/spring-boot-autoconfigure/2.3.4.RELEASE/spring-boot-autoconfigure-2.3.4.RELEASE.jar:/Users/chairforce/.m2/repository/org/springframework/boot/spring-boot-starter-logging/2.3.4.RELEASE/spring-boot-starter-logging-2.3.4.RELEASE.jar:/Users/chairforce/.m2/repository/ch/qos/logback/logback-classic/1.2.3/logback-classic-1.2.3.jar:/Users/chairforce/.m2/repository/ch/qos/logback/logback-core/1.2.3/logback-core-1.2.3.jar:/Users/chairforce/.m2/repository/org/apache/logging/log4j/log4j-to-slf4j/2.13.3/log4j-to-slf4j-2.13.3.jar:/Users/chairforce/.m2/repository/org/apache/logging/log4j/log4j-api/2.13.3/log4j-api-2.13.3.jar:/Users/chairforce/.m2/repository/org/slf4j/jul-to-slf4j/1.7.30/jul-to-slf4j-1.7.30.jar:/Users/chairforce/.m2/repository/jakarta/annotation/jakarta.annotation-api/1.3.5/jakarta.annotation-api-1.3.5.jar:/Users/chairforce/.m2/repository/org/yaml/snakeyaml/1.26/snakeyaml-1.26.jar:/Users/chairforce/.m2/repository/org/springframework/boot/spring-boot-starter-json/2.3.4.RELEASE/spring-boot-starter-json-2.3.4.RELEASE.jar:/Users/chairforce/.m2/repository/com/fasterxml/jackson/datatype/jackson-datatype-jsr310/2.11.2/jackson-datatype-jsr310-2.11.2.jar:/Users/chairforce/.m2/repository/com/fasterxml/jackson/module/jackson-module-parameter-names/2.11.2/jackson-module-parameter-names-2.11.2.jar:/Users/chairforce/.m2/repository/org/springframework/boot/spring-boot-starter-tomcat/2.3.4.RELEASE/spring-boot-starter-tomcat-2.3.4.RELEASE.jar:/Users/chairforce/.m2/repository/org/apache/tomcat/embed/tomcat-embed-core/9.0.38/tomcat-embed-core-9.0.38.jar:/Users/chairforce/.m2/repository/org/glassfish/jakarta.el/3.0.3/jakarta.el-3.0.3.jar:/Users/chairforce/.m2/repository/org/apache/tomcat/embed/tomcat-embed-websocket/9.0.38/tomcat-embed-websocket-9.0.38.jar:/Users/chairforce/.m2/repository/org/springframework/spring-web/5.2.9.RELEASE/spring-web-5.2.9.RELEASE.jar:/Users/chairforce/.m2/repository/org/springframework/spring-webmvc/5.2.9.RELEASE/spring-webmvc-5.2.9.RELEASE.jar:/Users/chairforce/.m2/repository/org/springframework/spring-expression/5.2.9.RELEASE/spring-expression-5.2.9.RELEASE.jar:/Users/chairforce/.m2/repository/com/github/eirslett/frontend-maven-plugin/1.10.0/frontend-maven-plugin-1.10.0.jar:/Users/chairforce/.m2/repository/com/github/eirslett/frontend-plugin-core/1.10.0/frontend-plugin-core-1.10.0.jar:/Users/chairforce/.m2/repository/org/codehaus/jackson/jackson-mapper-asl/1.9.13/jackson-mapper-asl-1.9.13.jar:/Users/chairforce/.m2/repository/org/codehaus/jackson/jackson-core-asl/1.9.13/jackson-core-asl-1.9.13.jar:/Users/chairforce/.m2/repository/org/apache/commons/commons-compress/1.19/commons-compress-1.19.jar:/Users/chairforce/.m2/repository/commons-io/commons-io/1.3.2/commons-io-1.3.2.jar:/Users/chairforce/.m2/repository/org/apache/commons/commons-exec/1.3/commons-exec-1.3.jar:/Users/chairforce/.m2/repository/org/codehaus/plexus/plexus-utils/3.0.22/plexus-utils-3.0.22.jar:/Users/chairforce/.m2/repository/org/apache/maven/maven-plugin-api/3.5.0/maven-plugin-api-3.5.0.jar:/Users/chairforce/.m2/repository/org/apache/maven/maven-model/3.5.0/maven-model-3.5.0.jar:/Users/chairforce/.m2/repository/org/apache/maven/maven-artifact/3.5.0/maven-artifact-3.5.0.jar:/Users/chairforce/.m2/repository/org/eclipse/sisu/org.eclipse.sisu.plexus/0.3.3/org.eclipse.sisu.plexus-0.3.3.jar:/Users/chairforce/.m2/repository/javax/enterprise/cdi-api/1.0/cdi-api-1.0.jar:/Users/chairforce/.m2/repository/javax/annotation/jsr250-api/1.0/jsr250-api-1.0.jar:/Users/chairforce/.m2/repository/javax/inject/javax.inject/1/javax.inject-1.jar:/Users/chairforce/.m2/repository/org/eclipse/sisu/org.eclipse.sisu.inject/0.3.3/org.eclipse.sisu.inject-0.3.3.jar:/Users/chairforce/.m2/repository/org/codehaus/plexus/plexus-component-annotations/1.5.5/plexus-component-annotations-1.5.5.jar:/Users/chairforce/.m2/repository/org/codehaus/plexus/plexus-classworlds/2.5.2/plexus-classworlds-2.5.2.jar:/Users/chairforce/.m2/repository/org/apache/maven/plugin-tools/maven-plugin-annotations/3.2/maven-plugin-annotations-3.2.jar:/Users/chairforce/.m2/repository/org/sonatype/plexus/plexus-build-api/0.0.7/plexus-build-api-0.0.7.jar:/Users/chairforce/.m2/repository/org/springframework/boot/spring-boot-starter-test/2.3.4.RELEASE/spring-boot-starter-test-2.3.4.RELEASE.jar:/Users/chairforce/.m2/repository/org/springframework/boot/spring-boot-test/2.3.4.RELEASE/spring-boot-test-2.3.4.RELEASE.jar:/Users/chairforce/.m2/repository/org/springframework/boot/spring-boot-test-autoconfigure/2.3.4.RELEASE/spring-boot-test-autoconfigure-2.3.4.RELEASE.jar:/Users/chairforce/.m2/repository/com/jayway/jsonpath/json-path/2.4.0/json-path-2.4.0.jar:/Users/chairforce/.m2/repository/net/minidev/json-smart/2.3/json-smart-2.3.jar:/Users/chairforce/.m2/repository/net/minidev/accessors-smart/1.2/accessors-smart-1.2.jar:/Users/chairforce/.m2/repository/org/ow2/asm/asm/5.0.4/asm-5.0.4.jar:/Users/chairforce/.m2/repository/jakarta/xml/bind/jakarta.xml.bind-api/2.3.3/jakarta.xml.bind-api-2.3.3.jar:/Users/chairforce/.m2/repository/jakarta/activation/jakarta.activation-api/1.2.2/jakarta.activation-api-1.2.2.jar:/Users/chairforce/.m2/repository/org/hamcrest/hamcrest/2.2/hamcrest-2.2.jar:/Users/chairforce/.m2/repository/org/junit/jupiter/junit-jupiter/5.6.2/junit-jupiter-5.6.2.jar:/Users/chairforce/.m2/repository/org/junit/jupiter/junit-jupiter-params/5.6.2/junit-jupiter-params-5.6.2.jar:/Users/chairforce/.m2/repository/org/skyscreamer/jsonassert/1.5.0/jsonassert-1.5.0.jar:/Users/chairforce/.m2/repository/com/vaadin/external/google/android-json/0.0.20131108.vaadin1/android-json-0.0.20131108.vaadin1.jar:/Users/chairforce/.m2/repository/org/springframework/spring-core/5.2.9.RELEASE/spring-core-5.2.9.RELEASE.jar:/Users/chairforce/.m2/repository/org/springframework/spring-jcl/5.2.9.RELEASE/spring-jcl-5.2.9.RELEASE.jar:/Users/chairforce/.m2/repository/org/springframework/spring-test/5.2.9.RELEASE/spring-test-5.2.9.RELEASE.jar:/Users/chairforce/.m2/repository/org/xmlunit/xmlunit-core/2.7.0/xmlunit-core-2.7.0.jar:/Users/chairforce/.m2/repository/com/graphql-java-kickstart/graphql-spring-boot-starter/7.1.0/graphql-spring-boot-starter-7.1.0.jar:/Users/chairforce/.m2/repository/com/graphql-java-kickstart/graphql-spring-boot-autoconfigure/7.1.0/graphql-spring-boot-autoconfigure-7.1.0.jar:/Users/chairforce/.m2/repository/com/graphql-java-kickstart/graphql-kickstart-spring-boot-starter-tools/7.1.0/graphql-kickstart-spring-boot-starter-tools-7.1.0.jar:/Users/chairforce/.m2/repository/com/graphql-java-kickstart/graphql-kickstart-spring-boot-autoconfigure-tools/7.1.0/graphql-kickstart-spring-boot-autoconfigure-tools-7.1.0.jar:/Users/chairforce/.m2/repository/com/graphql-java-kickstart/graphql-kickstart-spring-support/7.1.0/graphql-kickstart-spring-support-7.1.0.jar:/Users/chairforce/.m2/repository/com/graphql-java-kickstart/graphql-java-kickstart/9.2.0/graphql-java-kickstart-9.2.0.jar:/Users/chairforce/.m2/repository/com/graphql-java-kickstart/graphql-java-servlet/9.2.0/graphql-java-servlet-9.2.0.jar:/Users/chairforce/.m2/repository/javax/servlet/javax.servlet-api/4.0.1/javax.servlet-api-4.0.1.jar:/Users/chairforce/.m2/repository/javax/websocket/javax.websocket-api/1.1/javax.websocket-api-1.1.jar:/Users/chairforce/.m2/repository/org/springframework/boot/spring-boot-starter-websocket/2.3.4.RELEASE/spring-boot-starter-websocket-2.3.4.RELEASE.jar:/Users/chairforce/.m2/repository/org/springframework/spring-messaging/5.2.9.RELEASE/spring-messaging-5.2.9.RELEASE.jar:/Users/chairforce/.m2/repository/org/springframework/spring-websocket/5.2.9.RELEASE/spring-websocket-5.2.9.RELEASE.jar:/Users/chairforce/.m2/repository/org/springframework/boot/spring-boot-starter-actuator/2.3.4.RELEASE/spring-boot-starter-actuator-2.3.4.RELEASE.jar:/Users/chairforce/.m2/repository/org/springframework/boot/spring-boot-actuator-autoconfigure/2.3.4.RELEASE/spring-boot-actuator-autoconfigure-2.3.4.RELEASE.jar:/Users/chairforce/.m2/repository/org/springframework/boot/spring-boot-actuator/2.3.4.RELEASE/spring-boot-actuator-2.3.4.RELEASE.jar:/Users/chairforce/.m2/repository/io/micrometer/micrometer-core/1.5.5/micrometer-core-1.5.5.jar:/Users/chairforce/.m2/repository/org/hdrhistogram/HdrHistogram/2.1.12/HdrHistogram-2.1.12.jar:/Users/chairforce/.m2/repository/org/latencyutils/LatencyUtils/2.0.3/LatencyUtils-2.0.3.jar:/Users/chairforce/.m2/repository/com/graphql-java-kickstart/graphql-java-tools/6.2.0/graphql-java-tools-6.2.0.jar:/Users/chairforce/.m2/repository/org/jetbrains/kotlin/kotlin-stdlib/1.3.72/kotlin-stdlib-1.3.72.jar:/Users/chairforce/.m2/repository/org/jetbrains/kotlin/kotlin-stdlib-common/1.3.72/kotlin-stdlib-common-1.3.72.jar:/Users/chairforce/.m2/repository/org/jetbrains/annotations/13.0/annotations-13.0.jar:/Users/chairforce/.m2/repository/org/jetbrains/kotlin/kotlin-reflect/1.3.72/kotlin-reflect-1.3.72.jar:/Users/chairforce/.m2/repository/org/jetbrains/kotlinx/kotlinx-coroutines-jdk8/1.3.8/kotlinx-coroutines-jdk8-1.3.8.jar:/Users/chairforce/.m2/repository/org/jetbrains/kotlinx/kotlinx-coroutines-core/1.3.8/kotlinx-coroutines-core-1.3.8.jar:/Users/chairforce/.m2/repository/org/jetbrains/kotlinx/kotlinx-coroutines-reactive/1.3.8/kotlinx-coroutines-reactive-1.3.8.jar:/Users/chairforce/.m2/repository/org/reactivestreams/reactive-streams/1.0.3/reactive-streams-1.0.3.jar:/Users/chairforce/.m2/repository/com/graphql-java/graphql-java/15.0/graphql-java-15.0.jar:/Users/chairforce/.m2/repository/org/antlr/antlr4-runtime/4.7.2/antlr4-runtime-4.7.2.jar:/Users/chairforce/.m2/repository/com/graphql-java/java-dataloader/2.2.3/java-dataloader-2.2.3.jar:/Users/chairforce/.m2/repository/com/fasterxml/classmate/1.5.1/classmate-1.5.1.jar:/Users/chairforce/.m2/repository/com/fasterxml/jackson/module/jackson-module-kotlin/2.11.2/jackson-module-kotlin-2.11.2.jar:/Users/chairforce/.m2/repository/com/fasterxml/jackson/datatype/jackson-datatype-jdk8/2.11.2/jackson-datatype-jdk8-2.11.2.jar:/Users/chairforce/.m2/repository/com/graphql-java-kickstart/graphiql-spring-boot-starter/7.1.0/graphiql-spring-boot-starter-7.1.0.jar:/Users/chairforce/.m2/repository/com/graphql-java-kickstart/graphiql-spring-boot-autoconfigure/7.1.0/graphiql-spring-boot-autoconfigure-7.1.0.jar:/Users/chairforce/.m2/repository/org/apache/commons/commons-text/1.8/commons-text-1.8.jar:/Users/chairforce/.m2/repository/com/graphql-java-kickstart/graphql-spring-boot-starter-test/7.1.0/graphql-spring-boot-starter-test-7.1.0.jar:/Users/chairforce/.m2/repository/com/graphql-java-kickstart/graphql-spring-boot-test-autoconfigure/7.1.0/graphql-spring-boot-test-autoconfigure-7.1.0.jar:/Users/chairforce/.m2/repository/com/graphql-java-kickstart/graphql-spring-boot-test/7.1.0/graphql-spring-boot-test-7.1.0.jar:"/>
    <property name="sun.cpu.endian" value="little"/>
    <property name="user.home" value="/Users/chairforce"/>
    <property name="user.language" value="en"/>
    <property name="java.specification.vendor" value="Oracle Corporation"/>
    <property name="java.version.date" value="2020-04-14"/>
    <property name="java.home" value="/usr/local/Cellar/openjdk/14.0.1/libexec/openjdk.jdk/Contents/Home"/>
    <property name="file.separator" value="/"/>
    <property name="basedir" value="/Users/chairforce/workspacetwo/Turbine-2"/>
    <property name="java.vm.compressedOopsMode" value="Zero based"/>
    <property name="line.separator" value="&#10;"/>
    <property name="java.specification.name" value="Java Platform API Specification"/>
    <property name="java.vm.specification.vendor" value="Oracle Corporation"/>
    <property name="surefire.real.class.path" value="/Users/chairforce/workspacetwo/Turbine-2/target/surefire/surefirebooter9543796212832298396.jar"/>
    <property name="sun.management.compiler" value="HotSpot 64-Bit Tiered Compilers"/>
    <property name="ftp.nonProxyHosts" value="local|*.local|169.254/16|*.169.254/16"/>
    <property name="java.runtime.version" value="14.0.1+14"/>
    <property name="user.name" value="chairforce"/>
    <property name="path.separator" value=":"/>
    <property name="os.version" value="10.15.7"/>
    <property name="java.runtime.name" value="OpenJDK Runtime Environment"/>
    <property name="file.encoding" value="UTF-8"/>
    <property name="java.vm.name" value="OpenJDK 64-Bit Server VM"/>
    <property name="localRepository" value="/Users/chairforce/.m2/repository"/>
    <property name="java.vendor.url.bug" value="https://bugreport.java.com/bugreport/"/>
    <property name="java.io.tmpdir" value="/var/folders/m4/v2fcb0kn6vz9f866qvpjx3_40000gn/T/"/>
    <property name="java.version" value="14.0.1"/>
    <property name="user.dir" value="/Users/chairforce/workspacetwo/Turbine-2"/>
    <property name="os.arch" value="x86_64"/>
    <property name="java.vm.specification.name" value="Java Virtual Machine Specification"/>
    <property name="java.library.path" value="/Users/chairforce/Library/Java/Extensions:/Library/Java/Extensions:/Network/Library/Java/Extensions:/System/Library/Java/Extensions:/usr/lib/java:."/>
    <property name="java.vm.info" value="mixed mode, sharing"/>
    <property name="java.vendor" value="N/A"/>
    <property name="java.vm.version" value="14.0.1+14"/>
    <property name="sun.io.unicode.encoding" value="UnicodeBig"/>
    <property name="socksNonProxyHosts" value="local|*.local|169.254/16|*.169.254/16"/>
    <property name="java.class.version" value="58.0"/>
  </properties>
  <testcase name="getSiteById" classname="squadron.manager.turbine.SiteQueryTest" time="0.428"/>
</testsuite>